[    0.000000] Initializing cgroup subsys cpuset
[    0.000000] Initializing cgroup subsys cpu
[    0.000000] Initializing cgroup subsys cpuacct
[    0.000000] Linux version 4.4.0-75-generic (buildd@lcy01-04) (gcc version 5.4.0 20160609 (Ubuntu 5.4.0-6ubuntu1~16.04.4) ) #96-Ubuntu SMP Thu Apr 20 09:55:15 UTC 2017 (Ubuntu 4.4.0-75.96-generic 4.4.59)
[    0.000000] KERNEL supported cpus:
[    0.000000]   Intel GenuineIntel
[    0.000000]   AMD AuthenticAMD
[    0.000000]   NSC Geode by NSC
[    0.000000]   Cyrix CyrixInstead
[    0.000000]   Centaur CentaurHauls
[    0.000000]   Transmeta GenuineTMx86
[    0.000000]   Transmeta TransmetaCPU
[    0.000000]   UMC UMC UMC UMC
[    0.000000] x86/fpu: xstate_offset[2]:  576, xstate_sizes[2]:  256
[    0.000000] x86/fpu: Supporting XSAVE feature 0x01: 'x87 floating point registers'
[    0.000000] x86/fpu: Supporting XSAVE feature 0x02: 'SSE registers'
[    0.000000] x86/fpu: Supporting XSAVE feature 0x04: 'AVX registers'
[    0.000000] x86/fpu: Enabled xstate features 0x7, context size is 832 bytes, using 'standard' format.
[    0.000000] x86/fpu: Using 'lazy' FPU context switches.
[    0.000000] e820: BIOS-provided physical RAM map:
[    0.000000] BIOS-e820: [mem 0x0000000000000000-0x000000000009fbff] usable
[    0.000000] BIOS-e820: [mem 0x000000000009fc00-0x000000000009ffff] reserved
[    0.000000] BIOS-e820: [mem 0x00000000000f0000-0x00000000000fffff] reserved
[    0.000000] BIOS-e820: [mem 0x0000000000100000-0x000000003ffeffff] usable
[    0.000000] BIOS-e820: [mem 0x000000003fff0000-0x000000003fffffff] ACPI data
[    0.000000] BIOS-e820: [mem 0x00000000fec00000-0x00000000fec00fff] reserved
[    0.000000] BIOS-e820: [mem 0x00000000fee00000-0x00000000fee00fff] reserved
[    0.000000] BIOS-e820: [mem 0x00000000fffc0000-0x00000000ffffffff] reserved
[    0.000000] NX (Execute Disable) protection: active
[    0.000000] SMBIOS 2.5 present.
[    0.000000] Hypervisor detected: KVM
[    0.000000] e820: last_pfn = 0x3fff0 max_arch_pfn = 0x1000000
[    0.000000] MTRR: Disabled
[    0.000000] x86/PAT: MTRRs disabled, skipping PAT initialization too.
[    0.000000] x86/PAT: Configuration [0-7]: WB  WT  UC- UC  WB  WT  UC- UC  
[    0.000000] CPU MTRRs all blank - virtualized system.
[    0.000000] found SMP MP-table at [mem 0x0009fff0-0x0009ffff] mapped at [c009fff0]
[    0.000000] Scanning 1 areas for low memory corruption
[    0.000000] RAMDISK: [mem 0x36ade000-0x37566fff]
[    0.000000] ACPI: Early table checksum verification disabled
[    0.000000] ACPI: RSDP 0x00000000000E0000 000024 (v02 VBOX  )
[    0.000000] ACPI: XSDT 0x000000003FFF0030 00003C (v01 VBOX   VBOXXSDT 00000001 ASL  00000061)
[    0.000000] ACPI: FACP 0x000000003FFF00F0 0000F4 (v04 VBOX   VBOXFACP 00000001 ASL  00000061)
[    0.000000] ACPI: DSDT 0x000000003FFF0470 0021C8 (v02 VBOX   VBOXBIOS 00000002 INTL 20100528)
[    0.000000] ACPI: FACS 0x000000003FFF0200 000040
[    0.000000] ACPI: FACS 0x000000003FFF0200 000040
[    0.000000] ACPI: APIC 0x000000003FFF0240 00005C (v02 VBOX   VBOXAPIC 00000001 ASL  00000061)
[    0.000000] ACPI: SSDT 0x000000003FFF02A0 0001CC (v01 VBOX   VBOXCPUT 00000002 INTL 20100528)
[    0.000000] 131MB HIGHMEM available.
[    0.000000] 891MB LOWMEM available.
[    0.000000]   mapped low ram: 0 - 37bfe000
[    0.000000]   low ram: 0 - 37bfe000
[    0.000000] kvm-clock: Using msrs 4b564d01 and 4b564d00
[    0.000000] kvm-clock: cpu 0, msr 0:37bfd001, primary cpu clock
[    0.000000] kvm-clock: using sched offset of 3317580661 cycles
[    0.000000] clocksource: kvm-clock: mask: 0xffffffffffffffff max_cycles: 0x1cd42e4dffb, max_idle_ns: 881590591483 ns
[    0.000000] Zone ranges:
[    0.000000]   DMA      [mem 0x0000000000001000-0x0000000000ffffff]
[    0.000000]   Normal   [mem 0x0000000001000000-0x0000000037bfdfff]
[    0.000000]   HighMem  [mem 0x0000000037bfe000-0x000000003ffeffff]
[    0.000000] Movable zone start for each node
[    0.000000] Early memory node ranges
[    0.000000]   node   0: [mem 0x0000000000001000-0x000000000009efff]
[    0.000000]   node   0: [mem 0x0000000000100000-0x000000003ffeffff]
[    0.000000] Initmem setup node 0 [mem 0x0000000000001000-0x000000003ffeffff]
[    0.000000] Using APIC driver default
[    0.000000] ACPI: PM-Timer IO Port: 0x4008
[    0.000000] IOAPIC[0]: apic_id 2, version 32, address 0xfec00000, GSI 0-23
[    0.000000] ACPI: INT_SRC_OVR (bus 0 bus_irq 0 global_irq 2 dfl dfl)
[    0.000000] ACPI: INT_SRC_OVR (bus 0 bus_irq 9 global_irq 9 high level)
[    0.000000] Using ACPI (MADT) for SMP configuration information
[    0.000000] smpboot: Allowing 2 CPUs, 0 hotplug CPUs
[    0.000000] PM: Registered nosave memory: [mem 0x00000000-0x00000fff]
[    0.000000] PM: Registered nosave memory: [mem 0x0009f000-0x0009ffff]
[    0.000000] PM: Registered nosave memory: [mem 0x000a0000-0x000effff]
[    0.000000] PM: Registered nosave memory: [mem 0x000f0000-0x000fffff]
[    0.000000] e820: [mem 0x40000000-0xfebfffff] available for PCI devices
[    0.000000] Booting paravirtualized kernel on KVM
[    0.000000] clocksource: refined-jiffies: mask: 0xffffffff max_cycles: 0xffffffff, max_idle_ns: 7645519600211568 ns
[    0.000000] setup_percpu: NR_CPUS:8 nr_cpumask_bits:8 nr_cpu_ids:2 nr_node_ids:1
[    0.000000] PERCPU: Embedded 19 pages/cpu @f76b0000 s47436 r0 d30388 u77824
[    0.000000] PV qspinlock hash table entries: 512 (order: 0, 4096 bytes)
[    0.000000] Built 1 zonelists in Zone order, mobility grouping on.  Total pages: 259800
[    0.000000] Kernel command line: BOOT_IMAGE=/boot/vmlinuz-4.4.0-75-generic root=LABEL=cloudimg-rootfs ro console=tty1 console=ttyS0
[    0.000000] PID hash table entries: 4096 (order: 2, 16384 bytes)
[    0.000000] Dentry cache hash table entries: 131072 (order: 7, 524288 bytes)
[    0.000000] Inode-cache hash table entries: 65536 (order: 6, 262144 bytes)
[    0.000000] Initializing CPU#0
[    0.000000] Initializing HighMem for node 0 (00037bfe:0003fff0)
[    0.000000] Initializing Movable for node 0 (00000000:00000000)
[    0.000000] Memory: 1012180K/1048120K available (7928K kernel code, 770K rwdata, 3164K rodata, 940K init, 800K bss, 35940K reserved, 0K cma-reserved, 135112K highmem)
[    0.000000] virtual kernel memory layout:
[    0.000000]     fixmap  : 0xfff15000 - 0xfffff000   ( 936 kB)
[    0.000000]     pkmap   : 0xffc00000 - 0xffe00000   (2048 kB)
[    0.000000]     vmalloc : 0xf83fe000 - 0xffbfe000   ( 120 MB)
[    0.000000]     lowmem  : 0xc0000000 - 0xf7bfe000   ( 891 MB)
[    0.000000]       .init : 0xc1b99000 - 0xc1c84000   ( 940 kB)
[    0.000000]       .data : 0xc17be50b - 0xc1b97b40   (3941 kB)
[    0.000000]       .text : 0xc1000000 - 0xc17be50b   (7929 kB)
[    0.000000] Checking if this processor honours the WP bit even in supervisor mode...Ok.
[    0.000000] SLUB: HWalign=64, Order=0-3, MinObjects=0, CPUs=2, Nodes=1
[    0.000000] Hierarchical RCU implementation.
[    0.000000] 	Build-time adjustment of leaf fanout to 32.
[    0.000000] 	RCU restricting CPUs from NR_CPUS=8 to nr_cpu_ids=2.
[    0.000000] RCU: Adjusting geometry for rcu_fanout_leaf=32, nr_cpu_ids=2
[    0.000000] NR_IRQS:2304 nr_irqs:440 16
[    0.000000] Console: colour VGA+ 80x25
[    0.000000] console [tty1] enabled
[    0.000000] console [ttyS0] enabled
[    0.000000] allocated 1048576 bytes of page_ext
[    0.000000] tsc: Detected 1599.999 MHz processor
[    2.831749] Calibrating delay loop (skipped) preset value.. 3199.99 BogoMIPS (lpj=6399996)
[    2.875274] pid_max: default: 32768 minimum: 301
[    2.876613] ACPI: Core revision 20150930
[    2.892873] ACPI: 2 ACPI AML tables successfully acquired and loaded
[    2.964944] Security Framework initialized
[    3.023330] Yama: becoming mindful.
[    3.039307] AppArmor: AppArmor initialized
[    3.063929] Mount-cache hash table entries: 2048 (order: 1, 8192 bytes)
[    3.076718] Mountpoint-cache hash table entries: 2048 (order: 1, 8192 bytes)
[    3.111562] Initializing cgroup subsys io
[    3.162204] Initializing cgroup subsys memory
[    3.203484] Initializing cgroup subsys devices
[    3.261578] Initializing cgroup subsys freezer
[    3.287653] Initializing cgroup subsys net_cls
[    3.343048] Initializing cgroup subsys perf_event
[    3.403399] Initializing cgroup subsys net_prio
[    3.458895] Initializing cgroup subsys hugetlb
[    3.492780] Initializing cgroup subsys pids
[    3.540111] CPU: Physical Processor ID: 0
[    3.577738] CPU: Processor Core ID: 0
[    3.602351] mce: CPU supports 0 MCE banks
[    3.615412] Last level iTLB entries: 4KB 64, 2MB 8, 4MB 8
[    3.648683] Last level dTLB entries: 4KB 64, 2MB 0, 4MB 0, 1GB 4
[    3.661935] Freeing SMP alternatives memory: 28K (c1c84000 - c1c8b000)
[    3.701738] ftrace: allocating 31398 entries in 62 pages
[    3.812328] smpboot: APIC(0) Converting physical 0 to logical package 0
[    3.863844] smpboot: Max logical packages: 1
[    3.904513] Enabling APIC mode:  Flat.  Using 1 I/O APICs
[    3.964365] ..TIMER: vector=0x30 apic1=0 pin1=2 apic2=-1 pin2=-1
[    4.134575] smpboot: CPU0: Intel(R) Core(TM) i5-5250U CPU @ 1.60GHz (family: 0x6, model: 0x3d, stepping: 0x4)
[    4.251062] Performance Events: unsupported p6 CPU model 61 no PMU driver, software events only.
[    4.341200] KVM setup paravirtual spinlock
[    4.395933] x86: Booting SMP configuration:
[    4.443724] .... node  #0, CPUs:      #1
[1266874886.391970] Initializing CPU#1
[    4.508323] kvm-clock: cpu 1, msr 0:37bfd041, secondary cpu clock
[    4.520505] mce: CPU supports 0 MCE banks
[    4.525136] x86: Booted up 1 node, 2 CPUs
[    4.532170] smpboot: Total of 2 processors activated (6399.99 BogoMIPS)
[    4.607262] devtmpfs: initialized
[    4.642579] evm: security.selinux
[    4.673628] evm: security.SMACK64
[    4.694331] evm: security.SMACK64EXEC
[    4.724575] evm: security.SMACK64TRANSMUTE
[    4.763066] evm: security.SMACK64MMAP
[    4.766703] evm: security.ima
[    4.810347] evm: security.capability
[    4.837175] clocksource: jiffies: mask: 0xffffffff max_cycles: 0xffffffff, max_idle_ns: 7645041785100000 ns
[    4.928735] futex hash table entries: 512 (order: 3, 32768 bytes)
[    5.002803] pinctrl core: initialized pinctrl subsystem
[    5.058847] RTC time: 20:43:01, date: 05/05/17
[    5.082641] NET: Registered protocol family 16
[    5.129072] EISA bus registered
[    5.171785] cpuidle: using governor ladder
[    5.231901] cpuidle: using governor menu
[    5.267551] PCCT header not found.
[    5.298479] ACPI: bus type PCI registered
[    5.325229] acpiphp: ACPI Hot Plug PCI Controller Driver version: 0.5
[    5.381906] PCI : PCI BIOS area is rw and x. Use pci=nobios if you want it NX.
[    5.457620] PCI: PCI BIOS revision 2.10 entry at 0xfda26, last bus=0
[    5.517751] PCI: Using configuration type 1 for base access
[    5.584284] ACPI: Added _OSI(Module Device)
[    5.604187] ACPI: Added _OSI(Processor Device)
[    5.605436] ACPI: Added _OSI(3.0 _SCP Extensions)
[    5.613141] ACPI: Added _OSI(Processor Aggregator Device)
[    5.674580] ACPI: Executed 1 blocks of module-level executable AML code
[    5.732786] ACPI: Interpreter enabled
[    5.746808] ACPI: (supports S0 S5)
[    5.776960] ACPI: Using IOAPIC for interrupt routing
[    5.787251] PCI: Using host bridge windows from ACPI; if necessary, use "pci=nocrs" and report a bug
[    5.805550] ACPI: PCI Root Bridge [PCI0] (domain 0000 [bus 00-ff])
[    5.852001] acpi PNP0A03:00: _OSC: OS supports [ASPM ClockPM Segments MSI]
[    5.900141] acpi PNP0A03:00: _OSC failed (AE_NOT_FOUND); disabling ASPM
[    5.957834] acpi PNP0A03:00: fail to add MMCONFIG information, can't access extended PCI configuration space under this bridge.
[    6.076467] PCI host bridge to bus 0000:00
[    6.087546] pci_bus 0000:00: root bus resource [io  0x0000-0x0cf7 window]
[    6.151392] pci_bus 0000:00: root bus resource [io  0x0d00-0xffff window]
[    6.186559] pci_bus 0000:00: root bus resource [mem 0x000a0000-0x000bffff window]
[    6.283003] pci_bus 0000:00: root bus resource [mem 0x40000000-0xffdfffff window]
[    6.368001] pci_bus 0000:00: root bus resource [bus 00-ff]
[    6.435818] pci 0000:00:01.1: legacy IDE quirk: reg 0x10: [io  0x01f0-0x01f7]
[    6.495008] pci 0000:00:01.1: legacy IDE quirk: reg 0x14: [io  0x03f6]
[    6.535761] pci 0000:00:01.1: legacy IDE quirk: reg 0x18: [io  0x0170-0x0177]
[    6.604091] pci 0000:00:01.1: legacy IDE quirk: reg 0x1c: [io  0x0376]
[    6.626348] pci 0000:00:07.0: quirk: [io  0x4000-0x403f] claimed by PIIX4 ACPI
[    6.698859] pci 0000:00:07.0: quirk: [io  0x4100-0x410f] claimed by PIIX4 SMB
[    6.764656] ACPI: PCI Interrupt Link [LNKA] (IRQs 5 9 10 *11)
[    6.844361] ACPI: PCI Interrupt Link [LNKB] (IRQs 5 9 10 *11)
[    6.859330] ACPI: PCI Interrupt Link [LNKC] (IRQs 5 9 *10 11)
[    6.870598] ACPI: PCI Interrupt Link [LNKD] (IRQs 5 *9 10 11)
[    6.888151] ACPI: Enabled 2 GPEs in block 00 to 07
[    6.889936] vgaarb: setting as boot device: PCI:0000:00:02.0
[    6.900179] vgaarb: device added: PCI:0000:00:02.0,decodes=io+mem,owns=io+mem,locks=none
[    6.910482] vgaarb: loaded
[    6.923988] vgaarb: bridge control possible 0000:00:02.0
[    6.956831] SCSI subsystem initialized
[    6.992898] ACPI: bus type USB registered
[    7.000931] usbcore: registered new interface driver usbfs
[    7.002405] usbcore: registered new interface driver hub
[    7.011353] usbcore: registered new device driver usb
[    7.047755] PCI: Using ACPI for IRQ routing
[    7.090808] NetLabel: Initializing
[    7.118897] NetLabel:  domain hash size = 128
[    7.123064] NetLabel:  protocols = UNLABELED CIPSOv4
[    7.177499] NetLabel:  unlabeled traffic allowed by default
[    7.229977] amd_nb: Cannot enumerate AMD northbridges
[    7.296231] clocksource: Switched to clocksource kvm-clock
[    7.382177] AppArmor: AppArmor Filesystem Enabled
[    7.475497] pnp: PnP ACPI init
[    7.526776] pnp: PnP ACPI: found 3 devices
[    7.592234] PnPBIOS: Disabled by ACPI PNP
[    7.691239] clocksource: acpi_pm: mask: 0xffffff max_cycles: 0xffffff, max_idle_ns: 2085701024 ns
[    7.853990] NET: Registered protocol family 2
[    7.927044] TCP established hash table entries: 8192 (order: 3, 32768 bytes)
[    8.029877] TCP bind hash table entries: 8192 (order: 4, 65536 bytes)
[    8.101451] TCP: Hash tables configured (established 8192 bind 8192)
[    8.102974] UDP hash table entries: 512 (order: 2, 16384 bytes)
[    8.116140] UDP-Lite hash table entries: 512 (order: 2, 16384 bytes)
[    8.123207] NET: Registered protocol family 1
[    8.157375] pci 0000:00:00.0: Limiting direct PCI/PCI transfers
[    8.167069] pci 0000:00:01.0: Activating ISA DMA hang workarounds
[    8.170392] Unpacking initramfs...
[   10.488693] Freeing initrd memory: 10788K (f6ade000 - f7567000)
[   10.510818] RAPL PMU detected, API unit is 2^-32 Joules, 4 fixed counters 10737418240 ms ovfl timer
[   10.542093] hw unit of domain pp0-core 2^-0 Joules
[   10.593932] hw unit of domain package 2^-0 Joules
[   10.630765] hw unit of domain dram 2^-0 Joules
[   10.641470] hw unit of domain pp1-gpu 2^-0 Joules
[   10.663652] platform rtc_cmos: registered platform RTC device (no PNP device found)
[   10.668154] Scanning for low memory corruption every 60 seconds
[   10.671078] audit: initializing netlink subsys (disabled)
[   10.687967] audit: type=2000 audit(1494016985.540:1): initialized
[   10.714990] Initialise system trusted keyring
[   10.727524] HugeTLB registered 2 MB page size, pre-allocated 0 pages
[   10.732134] zbud: loaded
[   10.733220] VFS: Disk quotas dquot_6.6.0
[   10.741143] VFS: Dquot-cache hash table entries: 1024 (order 0, 4096 bytes)
[   10.791525] squashfs: version 4.0 (2009/01/31) Phillip Lougher
[   10.804143] fuse init (API version 7.23)
[   10.805469] Key type big_key registered
[   10.810145] Allocating IMA MOK and blacklist keyrings.
[   10.819668] Key type asymmetric registered
[   10.868637] Asymmetric key parser 'x509' registered
[   10.870006] bounce: pool size: 64 pages
[   10.947958] Block layer SCSI generic (bsg) driver version 0.4 loaded (major 249)
[   11.045898] io scheduler noop registered
[   11.084510] io scheduler deadline registered (default)
[   11.138177] io scheduler cfq registered
[   11.165207] pci_hotplug: PCI Hot Plug PCI Core version: 0.5
[   11.167926] pciehp: PCI Express Hot Plug Controller Driver version: 0.4
[   11.170246] ACPI: AC Adapter [AC] (off-line)
[   11.198680] input: Power Button as /devices/LNXSYSTM:00/LNXPWRBN:00/input/input0
[   11.212276] ACPI: Power Button [PWRF]
[   11.244399] input: Sleep Button as /devices/LNXSYSTM:00/LNXSLPBN:00/input/input1
[   11.246476] ACPI: Sleep Button [SLPF]
[   11.248943] ACPI: Battery Slot [BAT0] (battery present)
[   11.252659] GHES: HEST is not enabled!
[   11.253836] isapnp: Scanning for PnP cards...
[   11.260775] Serial: 8250/16550 driver, 32 ports, IRQ sharing enabled
[   11.350139] 00:02: ttyS0 at I/O 0x3f8 (irq = 4, base_baud = 115200) is a 16550A
[   11.506320] Linux agpgart interface v0.103
[   11.525653] loop: module loaded
[   11.529733] scsi host0: ata_piix
[   11.539053] scsi host1: ata_piix
[   11.541089] ata1: PATA max UDMA/33 cmd 0x1f0 ctl 0x3f6 bmdma 0xd000 irq 14
[   11.558484] ata2: PATA max UDMA/33 cmd 0x170 ctl 0x376 bmdma 0xd008 irq 15
[   11.580698] libphy: Fixed MDIO Bus: probed
[   11.597806] tun: Universal TUN/TAP device driver, 1.6
[   11.611265] tun: (C) 1999-2004 Max Krasnyansky <maxk@qualcomm.com>
[   11.637319] PPP generic driver version 2.4.2
[   11.641976] ehci_hcd: USB 2.0 'Enhanced' Host Controller (EHCI) Driver
[   11.650399] ehci-pci: EHCI PCI platform driver
[   11.652049] ehci-platform: EHCI generic platform driver
[   11.653916] ohci_hcd: USB 1.1 'Open' Host Controller (OHCI) Driver
[   11.657052] ohci-pci: OHCI PCI platform driver
[   11.658299] isapnp: No Plug & Play device found
[   11.660606] tsc: Refined TSC clocksource calibration: 1600.201 MHz
[   11.660609] clocksource: tsc: mask: 0xffffffffffffffff max_cycles: 0x1710e2db7ef, max_idle_ns: 440795264260 ns
[   11.789528] ohci-platform: OHCI generic platform driver
[   11.801283] uhci_hcd: USB Universal Host Controller Interface driver
[   11.805122] i8042: PNP: PS/2 Controller [PNP0303:PS2K,PNP0f03:PS2M] at 0x60,0x64 irq 1,12
[   11.839647] serio: i8042 KBD port at 0x60,0x64 irq 1
[   11.863546] serio: i8042 AUX port at 0x60,0x64 irq 12
[   12.002450] mousedev: PS/2 mouse device common for all mice
[   12.015593] rtc_cmos rtc_cmos: rtc core: registered rtc_cmos as rtc0
[   12.018398] rtc_cmos rtc_cmos: alarms up to one day, 114 bytes nvram
[   12.021134] i2c /dev entries driver
[   12.022839] device-mapper: uevent: version 1.0.3
[   12.025918] input: AT Translated Set 2 keyboard as /devices/platform/i8042/serio0/input/input2
[   12.033121] device-mapper: ioctl: 4.34.0-ioctl (2015-10-28) initialised: dm-devel@redhat.com
[   12.045507] platform eisa.0: Probing EISA bus 0
[   12.064862] platform eisa.0: EISA: Cannot allocate resource for mainboard
[   12.102739] platform eisa.0: Cannot allocate resource for EISA slot 1
[   12.114431] platform eisa.0: Cannot allocate resource for EISA slot 2
[   12.119537] platform eisa.0: Cannot allocate resource for EISA slot 3
[   12.131505] platform eisa.0: Cannot allocate resource for EISA slot 4
[   12.168265] platform eisa.0: Cannot allocate resource for EISA slot 5
[   12.187983] platform eisa.0: Cannot allocate resource for EISA slot 6
[   12.196753] platform eisa.0: Cannot allocate resource for EISA slot 7
[   12.216216] platform eisa.0: Cannot allocate resource for EISA slot 8
[   12.217941] platform eisa.0: EISA: Detected 0 cards
[   12.245362] cpufreq-nforce2: No nForce2 chipset.
[   12.268196] ledtrig-cpu: registered to indicate activity on CPUs
[   12.287330] NET: Registered protocol family 10
[   12.301397] NET: Registered protocol family 17
[   12.308685] Key type dns_resolver registered
[   12.318821] microcode: CPU0 sig=0x306d4, pf=0x40, revision=0x0
[   12.329008] microcode: CPU1 sig=0x306d4, pf=0x40, revision=0x0
[   12.347369] microcode: Microcode Update Driver: v2.01 <tigran@aivazian.fsnet.co.uk>, Peter Oruba
[   12.383087] Using IPI No-Shortcut mode
[   12.399631] registered taskstats version 1
[   12.416098] Loading compiled-in X.509 certificates
[   12.474069] Loaded X.509 cert 'Build time autogenerated kernel key: 07b96e98effcf92e436e5474864c4a8d42920bdd'
[   12.506089] zswap: loaded using pool lzo/zbud
[   12.514404] Key type trusted registered
[   12.528577] Key type encrypted registered
[   12.559013] AppArmor: AppArmor sha1 policy hashing enabled
[   12.581943] ima: No TPM chip found, activating TPM-bypass!
[   12.587536] evm: HMAC attrs: 0x1
[   12.597063]   Magic number: 1:176:750
[   12.609393] ata_link link1: hash matches
[   12.615762]  link1: hash matches
[   12.624838] tty ttyS1: hash matches
[   12.637474] rtc_cmos rtc_cmos: setting system clock to 2017-05-05 20:43:08 UTC (1494016988)
[   12.650323] BIOS EDD facility v0.16 2004-Jun-25, 0 devices found
[   12.671488] EDD information not available.
[   12.679296] Freeing unused kernel memory: 940K (c1b99000 - c1c84000)
[   12.694106] Write protecting the kernel text: 7932k
[   12.712935] Write protecting the kernel read-only data: 3168k
[   12.725617] NX-protecting the kernel data: 6404k
Loading, please wait...
starting version 229
[   12.785539] random: udevadm: uninitialized urandom read (16 bytes read, 2 bits of entropy available)
[   12.787195] random: systemd-udevd: uninitialized urandom read (16 bytes read, 2 bits of entropy available)
[   12.787422] random: systemd-udevd: uninitialized urandom read (16 bytes read, 2 bits of entropy available)
[   12.787605] random: systemd-udevd: uninitialized urandom read (16 bytes read, 2 bits of entropy available)
[   12.946323] random: udevadm: uninitialized urandom read (16 bytes read, 2 bits of entropy available)
[   12.989118] random: udevadm: uninitialized urandom read (16 bytes read, 2 bits of entropy available)
[   12.999070] random: udevadm: uninitialized urandom read (16 bytes read, 2 bits of entropy available)
[   13.035701] random: udevadm: uninitialized urandom read (16 bytes read, 2 bits of entropy available)
[   13.068566] random: udevadm: uninitialized urandom read (16 bytes read, 2 bits of entropy available)
[   13.099277] random: udevadm: uninitialized urandom read (16 bytes read, 2 bits of entropy available)
[   13.195960] Fusion MPT base driver 3.04.20
[   13.199257] Copyright (c) 1999-2008 LSI Corporation
[   13.221159] e1000: Intel(R) PRO/1000 Network Driver - version 7.3.21-k8-NAPI
[   13.223002] e1000: Copyright (c) 1999-2006 Intel Corporation.
[   13.241164] Fusion MPT SPI Host driver 3.04.20
[   13.260605] mptbase: ioc0: Initiating bringup
[   13.333023] ioc0: LSI53C1030 A0: Capabilities={Initiator}
[   13.429837] input: ImExPS/2 Generic Explorer Mouse as /devices/platform/i8042/serio1/input/input4
[   13.533898] scsi host2: ioc0: LSI53C1030 A0, FwRev=00000000h, Ports=1, MaxQ=256, IRQ=20
[   13.678626] scsi 2:0:0:0: Direct-Access     VBOX     HARDDISK         1.0  PQ: 0 ANSI: 5
[   13.701499] scsi target2:0:0: Beginning Domain Validation
[   13.716495] scsi target2:0:0: Domain Validation skipping write tests
[   13.732070] scsi target2:0:0: Ending Domain Validation
[   13.741655] scsi target2:0:0: asynchronous
[   13.748773] scsi 2:0:1:0: Direct-Access     VBOX     HARDDISK         1.0  PQ: 0 ANSI: 5
[   13.797885] scsi target2:0:1: Beginning Domain Validation
[   13.818625] scsi target2:0:1: Domain Validation skipping write tests
[   13.854154] scsi target2:0:1: Ending Domain Validation
[   13.886390] scsi target2:0:1: asynchronous
[   14.141040] sd 2:0:0:0: [sda] 20971520 512-byte logical blocks: (10.7 GB/10.0 GiB)
[   14.144424] sd 2:0:0:0: Attached scsi generic sg0 type 0
[   14.149253] sd 2:0:0:0: [sda] Write Protect is off
[   14.163913] sd 2:0:1:0: Attached scsi generic sg1 type 0
[   14.180707] sd 2:0:1:0: [sdb] 20480 512-byte logical blocks: (10.5 MB/10.0 MiB)
[   14.208950] sd 2:0:0:0: [sda] Incomplete mode parameter data
[   14.217393] sd 2:0:0:0: [sda] Assuming drive cache: write through
[   14.223730]  sda: sda1
[   14.228391] sd 2:0:1:0: [sdb] Write Protect is off
[   14.247446] sd 2:0:1:0: [sdb] Incomplete mode parameter data
[   14.278472] sd 2:0:1:0: [sdb] Assuming drive cache: write through
[   14.306285] sd 2:0:0:0: [sda] Attached SCSI disk
[   14.320727] sd 2:0:1:0: [sdb] Attached SCSI disk
[   14.360955] e1000 0000:00:03.0 eth0: (PCI:33MHz:32-bit) 02:73:3e:41:0d:b6
[   14.378025] e1000 0000:00:03.0 eth0: Intel(R) PRO/1000 Network Connection
[   14.386851] e1000 0000:00:03.0 enp0s3: renamed from eth0
[   16.260654] floppy0: no floppy controllers found
Begin: Loading essential drivers[   17.793938] md: linear personality registered for level -1
 ... [   17.855984] md: multipath personality registered for level -4
[   17.889590] md: raid0 personality registered for level 0
[   17.913901] md: raid1 personality registered for level 1
[   18.004370] raid6: mmxx1    gen()  3883 MB/s
[   18.084321] raid6: mmxx2    gen()  4179 MB/s
[   18.180300] raid6: sse1x1   gen()  3677 MB/s
[   18.316363] raid6: sse1x2   gen()  3921 MB/s
[   18.396340] raid6: sse2x1   gen()  5217 MB/s
[   18.512349] raid6: sse2x1   xor()  4212 MB/s
[   18.664532] raid6: sse2x2   gen()  5460 MB/s
[   18.800357] raid6: sse2x2   xor()  4385 MB/s
[   18.804233] raid6: using algorithm sse2x2 gen() 5460 MB/s
[   18.842928] raid6: .... xor() 4385 MB/s, rmw enabled
[   18.881771] raid6: using ssse3x1 recovery algorithm
[   18.906670] xor: automatically using best checksumming function:
[   18.996864]    avx       : 15730.000 MB/sec
[   19.070902] async_tx: api initialized (async)
[   19.146623] md: raid6 personality registered for level 6
[   19.169306] md: raid5 personality registered for level 5
[   19.211458] md: raid4 personality registered for level 4
[   19.284742] md: raid10 personality registered for level 10
done.
Begin: Running /scripts/init-premount ... done.
Begin: Mounting root file system ... Begin: Running /scripts/local-top ... done.
Begin: Running /scripts/local-premount ... [   19.404140] Btrfs loaded
Scanning for Btrfs filesystems
done.
Warning: fsck no[   19.465190] EXT4-fs (sda1): mounted filesystem with ordered data mode. Opts: (null)
t present, so skipping root file system
done.
Begin: Running /scripts/local-bottom ... done.
Begin: Running /scripts/init-bottom ... done.
[   19.672281] systemd[1]: systemd 229 running in system mode. (+PAM +AUDIT +SELINUX +IMA +APPARMOR +SMACK +SYSVINIT +UTMP +LIBCRYPTSETUP +GCRYPT +GNUTLS +ACL +XZ -LZ4 +SECCOMP +BLKID +ELFUTILS +KMOD -IDN)
[   19.802616] systemd[1]: Detected virtualization oracle.
[   19.805774] systemd[1]: Detected architecture x86.

Welcome to [1mUbuntu 16.04.2 LTS[0m!

[   19.833211] systemd[1]: Set hostname to <ubuntu>.
[   19.848474] systemd[1]: Initializing machine ID from random generator.
[   19.857439] systemd[1]: Installed transient /etc/machine-id file.
[   20.186289] systemd[1]: Listening on LVM2 poll daemon socket.
[[0;32m  OK  [0m] Listening on LVM2 poll daemon socket.
[   20.225084] systemd[1]: Listening on udev Control Socket.
[[0;32m  OK  [0m] Listening on udev Control Socket.
[   20.252059] systemd[1]: Set up automount Arbitrary Executable File Formats File System Automount Point.
[[0;32m  OK  [0m] Set up automount Arbitrary Executab...ats File System Automount Point.
[   20.356952] systemd[1]: Started Forward Password Requests to Wall Directory Watch.
[[0;32m  OK  [0m[   20.377917] random: nonblocking pool is initialized
] Started Forward Password Requests to Wall Directory Watch.
[   20.437426] systemd[1]: Listening on LVM2 metadata daemon socket.
[[0;32m  OK  [0m] Listening on LVM2 metadata daemon socket.
[   20.513246] systemd[1]: Listening on Journal Socket.
[[0;32m  OK  [0m] Listening on Journal Socket.
[   20.565696] systemd[1]: Created slice User and Session Slice.
[[0;32m  OK  [0m] Created slice User and Session Slice.
[   20.668769] systemd[1]: Reached target Swap.
[[0;32m  OK  [0m] Reached target Swap.
[   20.688647] systemd[1]: Listening on Syslog Socket.
[[0;32m  OK  [0m] Listening on Syslog Socket.
[   20.729046] systemd[1]: Listening on /dev/initctl Compatibility Named Pipe.
[[0;32m  OK  [0m] Listening on /dev/initctl Compatibility Named Pipe.
[   20.809103] systemd[1]: Listening on Journal Audit Socket.
[[0;32m  OK  [0m] Listening on Journal Audit Socket.
[   20.840306] systemd[1]: Listening on udev Kernel Socket.
[[0;32m  OK  [0m] Listening on udev Kernel Socket.
[   20.843288] systemd[1]: Reached target Encrypted Volumes.
[[0;32m  OK  [0m] Reached target Encrypted Volumes.
[   20.949872] systemd[1]: Reached target User and Group Name Lookups.
[[0;32m  OK  [0m] Reached target User and Group Name Lookups.
[   20.972856] systemd[1]: Started Trigger resolvconf update for networkd DNS.
[[0;32m  OK  [0m] Started Trigger resolvconf update for networkd DNS.
[   21.024716] systemd[1]: Listening on Device-mapper event daemon FIFOs.
[[0;32m  OK  [0m] Listening on Device-mapper event daemon FIFOs.
[   21.046599] systemd[1]: Listening on Journal Socket (/dev/log).
[[0;32m  OK  [0m] Listening on Journal Socket (/dev/log).
[   21.049587] systemd[1]: Created slice System Slice.
[[0;32m  OK  [0m] Created slice System Slice.
[   21.060651] systemd[1]: Starting Create list of required static device nodes for the current kernel...
         Starting Create list of required st... nodes for the current kernel...
[   21.152803] systemd[1]: Starting Nameserver information manager...
         Starting Nameserver information manager...
[   21.228808] systemd[1]: Reached target Slices.
[[0;32m  OK  [0m] Reached target Slices.
[   21.277005] systemd[1]: Mounting Debug File System...
         Mounting Debug File System...
[   21.421115] systemd[1]: Starting Journal Service...
         Starting Journal Service...
[   21.543513] systemd[1]: Starting Load Kernel Modules...
         Starting Load Ke[   21.558169] Loading iSCSI transport class v2.0-870.
rnel Modules...
[   21.608870] systemd[1]: Mounting POSIX Message Queue File System...
         Mounting POSIX Message Queue Fil[   21.661581] iscsi: registered transport (tcp)
e System...
[   21.732599] systemd[1]: Starting Monitoring of LVM2 mirrors, snapshots etc. using dmeventd or progress polling...
         Starting Monitoring of LVM2 mirrors... dmeventd or progress polling...
[   21.765232] systemd[1]: Starting Remount Root and Kernel File Systems...
         [   21.773137] EXT4-fs (sda1): re-mounted. Opts: (null)
Starting Remount Root and Kernel File Systems...
[   21.790473] iscsi: registered transport (iser)
[   21.791782] systemd[1]: Mounting Huge Pages File System...
         Mounting Huge Pages File System...
[   21.881064] systemd[1]: Starting Set console keymap...
         Starting Set console keymap...
[   21.926796] systemd[1]: Starting Uncomplicated firewall...
         Starting Uncomplicated firewall...
[   21.977180] systemd[1]: Created slice system-serial\x2dgetty.slice.
[[0;32m  OK  [0m] Created slice system-serial\x2dgetty.slice.
[   22.066487] systemd[1]: Mounted Huge Pages File System.
[[0;32m  OK  [0m] Mounted Huge Pages File System.
[   22.160745] systemd[1]: Mounted Debug File System.
[[0;32m  OK  [0m] Mounted Debug File System.
[   22.179336] systemd[1]: Mounted POSIX Message Queue File System.
[[0;32m  OK  [0m] Mounted POSIX Message Queue File System.
[   22.201164] systemd[1]: Started Journal Service.
[[0;32m  OK  [0m] Started Journal Service.
[[0;32m  OK  [0m] Started Create list of required sta...ce nodes for the current kernel.
[[0;32m  OK  [0m] Started Load Kernel Modules.
[[0;32m  OK  [0m] Started Remount Root and Kernel File Systems.
[[0;32m  OK  [0m] Started Set console keymap.
[[0;32m  OK  [0m] Started Uncomplicated firewall.
[[0;32m  OK  [0m] Started Nameserver information manager.
[[0;32m  OK  [0m] Started LVM2 metadata daemon.
         Starting Initial cloud-init job (pre-networking)...
         Starting udev Coldplug all Devices...
         Starting Load/Save Random Seed...
         Mounting FUSE Control File System...
         Starting Apply Kernel Variables...
         Starting Create Static Device Nodes in /dev...
         Starting Flush Journal to Persistent Storage...
[[0;32m  OK  [0m] Mounted FUSE Control File System.
[[0;32m  OK  [0m] Started Monitoring of LVM2 mirrors,...ng dmeventd or progress polling.
[[0;32m  OK  [0m] Started Load/Save Random Seed.
[[0;32m  OK  [0m] Started Apply Kernel Variables.
[[0;32m  OK  [0m] Started Create Static Device Nodes in /dev.
[[0;32m  OK  [0m] Started udev Coldplug all Devices.
[[0;32m  OK  [0m] Started Flush Journal to Persistent Storage.
         Starting udev Kernel Device Manager...
[[0;32m  OK  [0m] Started udev Kernel Device Manager.
[[0;32m  OK  [0m] Started Dispatch Password Requests to Console Directory Watch.
[[0;32m  OK  [0m] Reached target Local File Systems (Pre).
[[0;32m  OK  [0m] Reached target Local File Systems.
         Starting Create Volatile Files and Directories...
         Starting Commit a transient machine-id on disk...
         Starting Tell Plymouth To Write Out Runtime Data...
         Starting LSB: AppArmor initialization...
         Starting Set console font and keymap...
[[0;32m  OK  [0m] Started Create Volatile Files and Directories.
[[0;32m  OK  [0m] Started Commit a transient machine-id on disk.
[[0;32m  OK  [0m] Started Tell Plymouth To Write Out Runtime Data.
[[0;32m  OK  [0m] Found device /dev/ttyS0.
         Starting Update UTMP about System Boot/Shutdown...
[[0;32m  OK  [0m] Reached target System Time Synchronized.
[[0;32m  OK  [0m] Started Update UTMP about System Boot/Shutdown.
[[0;32m  OK  [0m] Listening on Load/Save RF Kill Switch Status /dev/rfkill Watch.
[   17.680459] cloud-init[434]: Cloud-init v. 0.7.9 running 'init-local' at Fri, 05 May 2017 20:43:19 +0000. Up 16.98 seconds.
[[0;32m  OK  [0m] Started Initial cloud-init job (pre-networking).
[[0;32m  OK  [0m] Reached target Network (Pre).
[[0;32m  OK  [0m] Started LSB: AppArmor initialization.
         Starting Raise network interfaces...
[[0;32m  OK  [0m] Started Set console font and keymap.
[[0;32m  OK  [0m] Created slice system-getty.slice.
[[0;32m  OK  [0m] Started Raise network interfaces.
         Starting Initial cloud-init job (metadata service crawler)...
[[0;32m  OK  [0m] Reached target Network.
[   22.785616] cloud-init[924]: Cloud-init v. 0.7.9 running 'init' at Fri, 05 May 2017 20:43:23 +0000. Up 21.02 seconds.
[   22.852813] cloud-init[924]: ci-info: +++++++++++++++++++++++++++++++++++++Net device info+++++++++++++++++++++++++++++++++++++
[   22.921138] cloud-init[924]: ci-info: +--------+------+---------------------------+---------------+-------+-------------------+
[   22.968604] cloud-init[924]: ci-info: | Device |  Up  |          Address          |      Mask     | Scope |     Hw-Address    |
[   22.994938] [cloud-init[0;32m  OK  [0m[924]: ] ci-info: +--------+------+---------------------------+---------------+-------+-------------------+Started Initial cloud-init job (metadata service crawler).

[   22.995856] cloud-init[924]: ci-info: | enp0s3 | True |         10.0.2.15         | 255.255.255.0 |   .   | 02:73:3e:41:0d:b6 |
[   23.117083] [cloud-init[0;32m  OK  [0m[924]: ] ci-info: | enp0s3 | True | fe80::73:3eff:fe41:db6/64 |       .       |  link | 02:73:3e:41:0d:b6 |Reached target System Initialization.

[   23.153778] cloud-init[924]: ci-info: |   lo   | True |         127.0.0.1         |   255.0.0.0   |   .   |         .         |
[[0;32m  OK  [0m] Started Daily apt activities.
[[0;32m  OK  [0m] Started Daily Cleanup of Temporary Directories.
         Starting Socket activation for snappy daemon.
[[0;32m  OK  [0m] Listening on ACPID Listen Socket.
[   23.156525] cloud-init[924]: ci-info: |   lo   | True |          ::1/128          |       .       |  host |         .         |
[   23.300501] cloud-init[924]: ci-info: +--------+------+---------------------------+---------------+-------+-------------------+
[[0;32m  OK  [0m] Started ACPI Events Check.
[[0;32m  OK  [0m] Reached target Paths.
[   23.301906] cloud-init[924]: ci-info: +++++++++++++++++++++++++++Route IPv4 info++++++++++++++++++++++++++++
[   23.386865]          cloud-initStarting LXD - unix socket.[924]: 
ci-info: +-------+-------------+----------+---------------+-----------+-------+
[   23.409317] cloud-init[924]: ci-info: | Route | Destination | Gateway  |    Genmask    | Interface | Flags |
[[0;32m  OK  [0m] Listening on D-Bus System Message Bus Socket.
[[0;32m  OK  [0m] Listening on UUID daemon activation socket.
[[0;32m  OK  [0m] Started Timer to automatically refresh installed snaps.
[   23.410522] cloud-init[924]: ci-info: +-------+-------------+----------+---------------+-----------+-------+
[   23.588733] cloud-init[924]: ci-info: |   0   |   0.0.0.0   | 10.0.2.2 |    0.0.0.0    |   enp0s3  |   UG  |
[[0;32m  OK  [0m] Reached target Timers.
[[0;32m  OK  [0m] Reached target Network is Online.
[   23.589851] cloud-init[924]: ci-info: |   1   |   10.0.2.0  | 0.0.0.0  | 255.255.255.0 |   enp0s3  |   U   |
[   23.756655] cloud-init[924]: ci-info: +-------+-------------+----------+---------------+-----------+-------+
[   23.763925] cloud-init[924]: Generating public/private rsa key pair.
[   23.764035] cloud-init[924]: Your identification has been saved in /etc/ssh/ssh_host_rsa_key.
[   23.764232] cloud-init[924]: Your public key has been saved in /etc/ssh/ssh_host_rsa_key.pub.
[   23.764435] cloud-init[924]: The key fingerprint is:
[   23.764521] cloud-init[924]: SHA256:9kJP2jX9GCluDUFcorTuwRrF2NQ7g732LP/mHCVytwk root@ubuntu-xenial
[   23.764602] cloud-init[924]: The key's randomart image is:
         Starting iSCSI initiator daemon (iscsid)...
[   23.764678] [cloud-init[0;32m  OK  [0m[924]: ] +---[RSA 2048]----+Reached target Cloud-config availability.

[   24.092781] [cloud-init[0;32m  OK  [0m[924]: ] |          ooo..  |Listening on Socket activation for snappy daemon.

[   24.172625] [cloud-init[0;32m  OK  [0m[924]: ] |         * +o.   |Listening on LXD - unix socket.

[   24.173522] cloud-init[924]: |        . *o..   |
[   24.296949] [cloud-init[0;32m  OK  [0m[924]: ] |         +. =o . |Started iSCSI initiator daemon (iscsid).

[   24.297830] cloud-init[924]: |        S = *E* o|
[   24.397930] cloud-init[924]: |       o X +oB.*+|
[   24.402288] cloud-init[924]: |        + =.ooo+.|
[   24.420976]          cloud-initStarting Login to default iSCSI targets...[924]: 
|         . .. o.o|
[   24.421617] cloud-init[924]: |             o.++|
[[0;32m  OK  [0m] Reached target Sockets.
[[0;32m  OK  [0m] Reached target Basic System.
[   24.446722] cloud-init[924]: +----[SHA256]-----+
         Starting Accounts Service...
[   24.517861] cloud-init[924]: Generating public/private dsa key pair.
[   24.530555] cloud-init[924]: Your identification has been saved in /etc/ssh/ssh_host_dsa_key.
[   24.535933] [cloud-init[0;32m  OK  [0m[924]: ] Your public key has been saved in /etc/ssh/ssh_host_dsa_key.pub.Started ACPI event daemon.

[   24.538576] cloud-init[924]: The key fingerprint is:
[   24.567770] cloud-init[924]: SHA256:FbmPa01dZfPYc9x8VhsInpB1DJXsEEhb4yHKCRmO9HM root@ubuntu-xenial
         Starting LSB: MD monitoring daemon...
[   24.581626]          Starting System Logging Service...
[[0;32m  OK  [0m] Started Deferred execution scheduler.
         Starting /etc/rc.local Compatibility...
cloud-init[924]: The key's randomart image is:
         [   24.680671] cloud-init[924]: +---[DSA 1024]----+
Starting Apply the settings specified in cloud-config...
[   24.685084] cloud-init[924]: |   . oo .+=XBoo  |
[   24.766208] cloud-init[924]: |  . +.o ooOo== o+|
[[0;32m  OK  [0m] Started Snappy daemon.
[   24.767234] cloud-init[924]: |   . + E ..=o  *O|
         Starting Pollinate to seed the pseudo random number generator...
[   24.844902] cloud-init[924]: |      o  ..  ..o@|
         Starting LXD - container startup/shutdown...
[   24.982220] cloud-init[924]: |        S  o . o+|
[   24.997111] cloud-init[924]: |          . o .  |
[   24.997757] cloud-init[924]: |           +     |
[   24.999417] cloud-init[924]: |          o .    |
[[0;32m  OK  [0m] Started D-Bus System Message Bus.
[   25.003776] cloud-init[924]: |         .       |
[   25.042645] cloud-init[924]: +----[SHA256]-----+
[   25.049170] cloud-init[924]: Generating public/private ecdsa key pair.
[   25.065816] cloud-init[924]: Your identification has been saved in /etc/ssh/ssh_host_ecdsa_key.
[   25.117472] cloud-init[924]: Your public key has been saved in /etc/ssh/ssh_host_ecdsa_key.pub.
[   25.122302] cloud-init[924]: The key fingerprint is:
[   25.162695] cloud-init[924]: SHA256:GnPUuf7uxefnP4u6mhci36LLuIJXQAe/2SpQiBwXeus root@ubuntu-xenial
[   25.164733] cloud-init[924]: The key's randomart image is:
         Starting Auto import assertions from block devices...
[   25.165523] cloud-init[924]: +---[ECDSA 256]---+
[   25.233210] cloud-init[924]: | . +o            |
[[0;32m  OK  [0m] Started FUSE filesystem for LXC.
[   25.251179] cloud-init[924]: |o =...   . .     |
[   25.284060] cloud-init[924]: |.+.o..  . o      |
         Starting LSB: Record successful boot for GRUB...
         Starting Login Service...
[   25.297703] cloud-init[924]: |  o.. +.   .     |
[   25.312488] cloud-init[924]: | . ..oo.S .      |
[   25.336756] cloud-init[924]: |  o  ..* o . .   |
[   25.337079] cloud-init[924]: |  .E... o + . o .|
[   25.338039] cloud-init[924]: | . o. o  o.+ ..+.|
[   25.338163] cloud-init[924]: |  . .o.+oo+=*. oO|
[   25.338254] cloud-init[924]: +----[SHA256]-----+
[   25.338370] cloud-init[924]: Generating public/private ed25519 key pair.
[   25.338617] cloud-init[924]: Your identification has been saved in /etc/ssh/ssh_host_ed25519_key.
[   25.338701] cloud-init[924]: Your public key has been saved in /etc/ssh/ssh_host_ed25519_key.pub.
[   25.338784] cloud-init[924]: The key fingerprint is:
[   25.338867] cloud-init[924]: SHA256:0yQ8PL9Wx1oDuBLMWYQCBKaWk9OTWkxOsLwZGZWvjMI root@ubuntu-xenial
[   25.339160] [[0;32m  OK  [0m] Started Regular background program processing daemon.
[[0;32m  OK  [0m] Started System Logging Service.
[[0;32m  OK  [0m] Started /etc/rc.local Compatibility.
[[0;32m  OK  [0m] Started LXD - container startup/shutdown.
[[0;32m  OK  [0m] Started Auto import assertions from block devices.
cloud-init[924]: The key's randomart image is:
[[0;32m  OK  [0m] Started LSB: MD monitoring daemon.
[[0;32m  OK  [0m] Started Login to default iSCSI targets.
[   25.732648] cloud-init[924]: +--[ED25519 256]--+
[   25.800434] cloud-init[924]: | o=*+.   oo      |
[   25.812724] cloud-init[924]: |.o%.. .=.o .     |
[   25.832562] cloud-init[924]: |.@ B.  .@ o .    |
[   25.848539] cloud-init[924]: |. O ..   O . o   |
[   25.874082] cloud-init[924]: |.+o .   S + . =  |
[   25.909835] cloud-init[924]: |.E o     o o + . |
[   25.924554] cloud-init[924]: |.         o .    |
[   25.933840] cloud-init[924]: |         .       |
[[0;32m  OK  [0m] Started LSB: Record successful boot for GRUB.
[   25.938696] cloud-init[924]: |                 |
[   25.950943] cloud-init[924]: +----[SHA256]-----+
         Starting Authenticate and Authorize Users to Run Privileged Tasks...
[[0;32m  OK  [0m] Reached target Remote File Systems (Pre).
[[0;32m  OK  [0m] Reached target Remote File Systems.
         Starting LSB: VirtualBox Linux Additions...
         Starting LSB: daemon to balance interrupts for SMP systems...
         Starting Permit User Sessions...
         Starting LSB: automatic crash report generation...
         Starting LSB: Set the CPU Frequency Scaling governor to "ondemand"...
[[0;32m  OK  [0m] Started Permit User Sessions.
[[0;32m  OK  [0m] Started Login Service.
[[0;32m  OK  [0m] Started Authenticate and Authorize Users to Run Privileged Tasks.
[[0;32m  OK  [0m] Started Accounts Service.
[[0;32m  OK  [0m] Started LSB: daemon to balance interrupts for SMP systems.
         Starting Hold until boot process finishes up...
         Starting Terminate Plymouth Boot Screen...
[   26.533528] cloud-init[1040]: Generating locales (this might take a while)...
[[0;32m  OK  [0m] Started LSB: VirtualBox Linux Additions.
[[0;32m  OK  [0m] Started Pollinate to seed the pseudo random number generator.
[[0;32m  OK  [0m] Started LSB: automatic crash report generation.
[[0;32m  OK  [0m] Started LSB: Set the CPU Frequency Scaling governor to "ondemand".
[[0;32m  OK  [0m] Started Hold until boot process finishes up.
[[0;32m  OK  [0m] Started Terminate Plymouth Boot Screen.
[[0;32m  OK  [0m] Started Serial Getty on ttyS0.
[[0;32m  OK  [0m] Started Getty on tty1.
[[0;32m  OK  [0m] Reached target Login Prompts.
         Starting Set console scheme...
         Starting OpenBSD Secure Shell server...
[[0;32m  OK  [0m] Started Set console scheme.
[[0;32m  OK  [0m] Started OpenBSD Secure Shell server.
[[0;32m  OK  [0m] Reached target Multi-User System.
[[0;32m  OK  [0m] Reached target Graphical Interface.
         Starting Update UTMP about System Runlevel Changes...
[[0;32m  OK  [0m] Started Update UTMP about System Runlevel Changes.
[   28.427266] cloud-init[1040]:   en_US.UTF-8... done
[   28.443506] cloud-init[1040]: Generation complete.
         Stopping OpenBSD Secure Shell server...
[[0;32m  OK  [0m] Stopped OpenBSD Secure Shell server.
         Starting OpenBSD Secure Shell server...
[[0;32m  OK  [0m] Started OpenBSD Secure Shell server.
[[0;32m  OK  [0m] Created slice User Slice of ubuntu.
         Starting User Manager for UID 1000...
[[0;32m  OK  [0m] Started Session 1 of user ubuntu.
[[0;32m  OK  [0m] Started User Manager for UID 1000.
[   29.312360] cloud-init[1040]: Cloud-init v. 0.7.9 running 'modules:config' at Fri, 05 May 2017 20:43:28 +0000. Up 26.21 seconds.
[[0;32m  OK  [0m] Started Apply the settings specified in cloud-config.
         Starting Execute cloud user/final scripts...
ci-info: no authorized ssh keys fingerprints found for user ubuntu.
<14>May  5 20:43:33 ec2: 
<14>May  5 20:43:33 ec2: #############################################################
<14>May  5 20:43:33 ec2: -----BEGIN SSH HOST KEY FINGERPRINTS-----
<14>May  5 20:43:33 ec2: 1024 SHA256:FbmPa01dZfPYc9x8VhsInpB1DJXsEEhb4yHKCRmO9HM root@ubuntu-xenial (DSA)
<14>May  5 20:43:33 ec2: 256 SHA256:GnPUuf7uxefnP4u6mhci36LLuIJXQAe/2SpQiBwXeus root@ubuntu-xenial (ECDSA)
<14>May  5 20:43:33 ec2: 256 SHA256:0yQ8PL9Wx1oDuBLMWYQCBKaWk9OTWkxOsLwZGZWvjMI root@ubuntu-xenial (ED25519)
<14>May  5 20:43:33 ec2: 2048 SHA256:9kJP2jX9GCluDUFcorTuwRrF2NQ7g732LP/mHCVytwk root@ubuntu-xenial (RSA)
<14>May  5 20:43:33 ec2: -----END SSH HOST KEY FINGERPRINTS-----
<14>May  5 20:43:33 ec2: #############################################################
-----BEGIN SSH HOST KEY KEYS-----
ecdsa-sha2-nistp256 AAAAE2VjZHNhLXNoYTItbmlzdHAyNTYAAAAIbmlzdHAyNTYAAABBBNb4XHTMIVQ+3/FmKuBm3LTgpfEBuVyVvdSks6J7xdx6VUvlmI1pTQSIJo5MzfcI4syphHu3HGZ6kZ1RrrKFymo= root@ubuntu-xenial
ssh-ed25519 AAAAC3NzaC1lZDI1NTE5AAAAIHyJiHJri6ptzSLg5cTE+h3XNHclg6lNc5pSbW/WI25M root@ubuntu-xenial
ssh-rsa AAAAB3NzaC1yc2EAAAADAQABAAABAQDv2dlWwxQ4UkIIj6zHAo9voCY8YLkVQsfrSaBesGsATDNNu4nJ28OQI8XVdWBQOsbnxpaDOAsPbz+NmqykaVSsNusZgb5wYS5iW4/QA54Jhufte6pfWF9lOHBIsT1ZxhFpizkueA2h74541NcH954/y9yM16DCqqG3T0WLmkGuJckN5LGEC4i6Qp94Ia7ZHgXIY+MkCVXJkjPV9DsIAwYUkSCFyEzv8T/gm/N1ZRcmtjeGxbpnn8KMrU6NpZ/Ur3+f4zEJg29LFyP50aYJR/YLFR9359DIbSkVJqyvV0dkmshF9oBS7mWqTrblD9xQMyBSV0G7fuSMx6Kdn7zFVB4z root@ubuntu-xenial
-----END SSH HOST KEY KEYS-----
[   31.434641] cloud-init[1332]: Cloud-init v. 0.7.9 running 'modules:final' at Fri, 05 May 2017 20:43:33 +0000. Up 30.64 seconds.
[   31.561163] cloud-init[1332]: ci-info: no authorized ssh keys fingerprints found for user ubuntu.
[   31.721090] cloud-init[1332]: Cloud-init v. 0.7.9 finished at Fri, 05 May 2017 20:43:33 +0000. Datasource DataSourceNoCloud [seed=/dev/sdb][dsmode=net].  Up 31.40 seconds
[[0;32m  OK  [0m] Started Execute cloud user/final scripts.
[[0;32m  OK  [0m] Reached target Cloud-init target.

Ubuntu 16.04.2 LTS ubuntu-xenial ttyS0

ubuntu-xenial login: 